<?xml version="1.0" encoding="UTF-8"?>
<testng-results total="1" passed="1" failed="0" skipped="0">
  <reporter-output>
  </reporter-output>
  <suite started-at="2024-12-20T22:43:32Z" name="Surefire suite" finished-at="2024-12-20T22:44:18Z" duration-ms="46671">
    <groups>
    </groups>
    <test started-at="2024-12-20T22:43:32Z" name="Surefire test" finished-at="2024-12-20T22:44:18Z" duration-ms="46671">
      <class name="test.com.CateringTest">
        <test-method is-config="true" signature="setUpClass()[pri:0, instance:test.com.CateringTest@6a396c1e]" started-at="2024-12-20T14:43:32Z" name="setUpClass" finished-at="2024-12-20T14:43:32Z" duration-ms="11" status="PASS">
          <reporter-output>
          </reporter-output>
        </test-method> <!-- setUpClass -->
        <test-method is-config="true" signature="setUpMethod()[pri:0, instance:test.com.CateringTest@6a396c1e]" started-at="2024-12-20T14:43:32Z" name="setUpMethod" finished-at="2024-12-20T14:43:33Z" duration-ms="1809" status="PASS">
          <reporter-output>
          </reporter-output>
        </test-method> <!-- setUpMethod -->
        <test-method signature="testPaneraCateringTestCase()[pri:0, instance:test.com.CateringTest@6a396c1e]" started-at="2024-12-20T14:43:33Z" name="testPaneraCateringTestCase" finished-at="2024-12-20T14:44:18Z" duration-ms="44232" status="PASS">
          <reporter-output>
          </reporter-output>
        </test-method> <!-- testPaneraCateringTestCase -->
        <test-method is-config="true" signature="tearDownMethod()[pri:0, instance:test.com.CateringTest@6a396c1e]" started-at="2024-12-20T14:44:18Z" name="tearDownMethod" finished-at="2024-12-20T14:44:18Z" duration-ms="607" status="PASS">
          <reporter-output>
          </reporter-output>
        </test-method> <!-- tearDownMethod -->
        <test-method is-config="true" signature="tearDownClass()[pri:0, instance:test.com.CateringTest@6a396c1e]" started-at="2024-12-20T14:44:18Z" name="tearDownClass" finished-at="2024-12-20T14:44:18Z" duration-ms="0" status="PASS">
          <reporter-output>
          </reporter-output>
        </test-method> <!-- tearDownClass -->
      </class> <!-- test.com.CateringTest -->
    </test> <!-- Surefire test -->
  </suite> <!-- Surefire suite -->
</testng-results>
